user root has ud 0
user messagebus has ud 4
user polkituser has ud 28
user systemd-coredump has ud 151
user systemd-network has ud 152
user systemd-resolve has ud 153
user systemd-timesync has ud 154
user nm-openvpn has ud 217
user sshd has ud 995
user rtkit has ud 996
user systemd-oom has ud 997
user nscd has ud 998
user nm-iodine has ud 999
user vadim has ud 1000
user nixbld1 has ud 30001
user nixbld2 has ud 30002
user nixbld3 has ud 30003
user nixbld4 has ud 30004
user nixbld5 has ud 30005
user nixbld6 has ud 30006
user nixbld7 has ud 30007
user nixbld8 has ud 30008
user nixbld9 has ud 30009
user nixbld10 has ud 30010
user nixbld11 has ud 30011
user nixbld12 has ud 30012
user nixbld13 has ud 30013
user nixbld14 has ud 30014
user nixbld15 has ud 30015
user nixbld16 has ud 30016
user nixbld17 has ud 30017
user nixbld18 has ud 30018
user nixbld19 has ud 30019
user nixbld20 has ud 30020
user nixbld21 has ud 30021
user nixbld22 has ud 30022
user nixbld23 has ud 30023
user nixbld24 has ud 30024
user nixbld25 has ud 30025
user nixbld26 has ud 30026
user nixbld27 has ud 30027
user nixbld28 has ud 30028
user nixbld29 has ud 30029
user nixbld30 has ud 30030
user nixbld31 has ud 30031
user nixbld32 has ud 30032
user nobody has ud 65534
Last password change					: Jul 23, 2024
